<?xml version="1.0" encoding="UTF-8"?>
<!-- Generated by org.testng.reporters.JUnitReportReporter -->
<testsuite hostname="EC2AMAZ-S11DBRH" failures="0" tests="1" name="base.NewTest" time="0.015" errors="0" timestamp="2023-03-15T10:22:26 GMT" skipped="0">
  <testcase classname="base.NewTest" name="f" time="0.015"/>
  <system-out/>
</testsuite> <!-- base.NewTest -->
